This is pdfTeX, Version 3.14159265-2.6-1.40.21 (MiKTeX 2.9.7350) (preloaded format=pdflatex 2020.8.24)  7 OCT 2020 23:18
entering extended mode
**/Users/amansingh/School/Fall2020/CS4641/A2/A2.tex
(/Users/amansingh/School/Fall2020/CS4641/A2/A2.tex
LaTeX2e <2020-02-02> patch level 5
L3 programming layer <2020-08-07> ("/Users/amansingh/Library/Application Support/MiKTeX/texmfs/install/tex/latex/base/article.cls"
Document Class: article 2019/12/20 v1.4l Standard LaTeX document class
("/Users/amansingh/Library/Application Support/MiKTeX/texmfs/install/tex/latex/base/size10.clo"
File: size10.clo 2019/12/20 v1.4l Standard LaTeX file (size option)
)
\c@part=\count168
\c@section=\count169
\c@subsection=\count170
\c@subsubsection=\count171
\c@paragraph=\count172
\c@subparagraph=\count173
\c@figure=\count174
\c@table=\count175
\abovecaptionskip=\skip47
\belowcaptionskip=\skip48
\bibindent=\dimen134
) ("/Users/amansingh/Library/Application Support/MiKTeX/texmfs/install/tex/latex/base/inputenc.sty"
Package: inputenc 2018/08/11 v1.3c Input encoding file
\inpenc@prehook=\toks15
\inpenc@posthook=\toks16
) ("/Users/amansingh/Library/Application Support/MiKTeX/texmfs/install/tex/latex/natbib/natbib.sty"
Package: natbib 2010/09/13 8.31b (PWD, AO)
\bibhang=\skip49
\bibsep=\skip50
LaTeX Info: Redefining \cite on input line 694.
\c@NAT@ctr=\count176
) ("/Users/amansingh/Library/Application Support/MiKTeX/texmfs/install/tex/latex/graphics/graphicx.sty"
Package: graphicx 2019/11/30 v1.2a Enhanced LaTeX Graphics (DPC,SPQR)
 ("/Users/amansingh/Library/Application Support/MiKTeX/texmfs/install/tex/latex/graphics/keyval.sty"
Package: keyval 2014/10/28 v1.15 key=value parser (DPC)
\KV@toks@=\toks17
) ("/Users/amansingh/Library/Application Support/MiKTeX/texmfs/install/tex/latex/graphics/graphics.sty"
Package: graphics 2019/11/30 v1.4a Standard LaTeX Graphics (DPC,SPQR)
 ("/Users/amansingh/Library/Application Support/MiKTeX/texmfs/install/tex/latex/graphics/trig.sty"
Package: trig 2016/01/03 v1.10 sin cos tan (DPC)
) ("/Users/amansingh/Library/Application Support/MiKTeX/texmfs/install/tex/latex/graphics-cfg/graphics.cfg"
File: graphics.cfg 2016/06/04 v1.11 sample graphics configuration
)
Package graphics Info: Driver file: pdftex.def on input line 105.
 ("/Users/amansingh/Library/Application Support/MiKTeX/texmfs/install/tex/latex/graphics-def/pdftex.def"
File: pdftex.def 2018/01/08 v1.0l Graphics/color driver for pdftex
))
\Gin@req@height=\dimen135
\Gin@req@width=\dimen136
) ("/Users/amansingh/Library/Application Support/MiKTeX/texmfs/install/tex/latex/amsmath/amsmath.sty"
Package: amsmath 2020/01/20 v2.17e AMS math features
\@mathmargin=\skip51

For additional information on amsmath, use the `?' option.
("/Users/amansingh/Library/Application Support/MiKTeX/texmfs/install/tex/latex/amsmath/amstext.sty"
Package: amstext 2000/06/29 v2.01 AMS text
 ("/Users/amansingh/Library/Application Support/MiKTeX/texmfs/install/tex/latex/amsmath/amsgen.sty"
File: amsgen.sty 1999/11/30 v2.0 generic functions
\@emptytoks=\toks18
\ex@=\dimen137
)) ("/Users/amansingh/Library/Application Support/MiKTeX/texmfs/install/tex/latex/amsmath/amsbsy.sty"
Package: amsbsy 1999/11/29 v1.2d Bold Symbols
\pmbraise@=\dimen138
) ("/Users/amansingh/Library/Application Support/MiKTeX/texmfs/install/tex/latex/amsmath/amsopn.sty"
Package: amsopn 2016/03/08 v2.02 operator names
)
\inf@bad=\count177
LaTeX Info: Redefining \frac on input line 227.
\uproot@=\count178
\leftroot@=\count179
LaTeX Info: Redefining \overline on input line 389.
\classnum@=\count180
\DOTSCASE@=\count181
LaTeX Info: Redefining \ldots on input line 486.
LaTeX Info: Redefining \dots on input line 489.
LaTeX Info: Redefining \cdots on input line 610.
\Mathstrutbox@=\box45
\strutbox@=\box46
\big@size=\dimen139
LaTeX Font Info:    Redeclaring font encoding OML on input line 733.
LaTeX Font Info:    Redeclaring font encoding OMS on input line 734.
\macc@depth=\count182
\c@MaxMatrixCols=\count183
\dotsspace@=\muskip16
\c@parentequation=\count184
\dspbrk@lvl=\count185
\tag@help=\toks19
\row@=\count186
\column@=\count187
\maxfields@=\count188
\andhelp@=\toks20
\eqnshift@=\dimen140
\alignsep@=\dimen141
\tagshift@=\dimen142
\tagwidth@=\dimen143
\totwidth@=\dimen144
\lineht@=\dimen145
\@envbody=\toks21
\multlinegap=\skip52
\multlinetaggap=\skip53
\mathdisplay@stack=\toks22
LaTeX Info: Redefining \[ on input line 2859.
LaTeX Info: Redefining \] on input line 2860.
) ("/Users/amansingh/Library/Application Support/MiKTeX/texmfs/install/tex/latex/amsfonts/amssymb.sty"
Package: amssymb 2013/01/14 v3.01 AMS font symbols
 ("/Users/amansingh/Library/Application Support/MiKTeX/texmfs/install/tex/latex/amsfonts/amsfonts.sty"
Package: amsfonts 2013/01/14 v3.01 Basic AMSFonts support
\symAMSa=\mathgroup4
\symAMSb=\mathgroup5
LaTeX Font Info:    Redeclaring math symbol \hbar on input line 98.
LaTeX Font Info:    Overwriting math alphabet `\mathfrak' in version `bold'
(Font)                  U/euf/m/n --> U/euf/b/n on input line 106.
)) ("/Users/amansingh/Library/Application Support/MiKTeX/texmfs/install/tex/latex/enumitem/enumitem.sty"
Package: enumitem 2019/06/20 v3.9 Customized lists
\labelindent=\skip54
\enit@outerparindent=\dimen146
\enit@toks=\toks23
\enit@inbox=\box47
\enit@count@id=\count189
\enitdp@description=\count190
) ("/Users/amansingh/Library/Application Support/MiKTeX/texmfs/install/tex/latex/hyperref/hyperref.sty"
Package: hyperref 2020-05-15 v7.00e Hypertext links for LaTeX
 ("/Users/amansingh/Library/Application Support/MiKTeX/texmfs/install/tex/generic/ltxcmds/ltxcmds.sty"
Package: ltxcmds 2019/12/15 v1.24 LaTeX kernel commands for general use (HO)
) ("/Users/amansingh/Library/Application Support/MiKTeX/texmfs/install/tex/generic/iftex/iftex.sty"
Package: iftex 2020/03/06 v1.0d TeX engine tests
) ("/Users/amansingh/Library/Application Support/MiKTeX/texmfs/install/tex/generic/pdftexcmds/pdftexcmds.sty"
Package: pdftexcmds 2020-06-27 v0.33 Utility functions of pdfTeX for LuaTeX (HO)
 ("/Users/amansingh/Library/Application Support/MiKTeX/texmfs/install/tex/generic/infwarerr/infwarerr.sty"
Package: infwarerr 2019/12/03 v1.5 Providing info/warning/error messages (HO)
)
Package pdftexcmds Info: \pdf@primitive is available.
Package pdftexcmds Info: \pdf@ifprimitive is available.
Package pdftexcmds Info: \pdfdraftmode found.
) ("/Users/amansingh/Library/Application Support/MiKTeX/texmfs/install/tex/generic/kvsetkeys/kvsetkeys.sty"
Package: kvsetkeys 2019/12/15 v1.18 Key value parser (HO)
) ("/Users/amansingh/Library/Application Support/MiKTeX/texmfs/install/tex/generic/kvdefinekeys/kvdefinekeys.sty"
Package: kvdefinekeys 2019-12-19 v1.6 Define keys (HO)
) ("/Users/amansingh/Library/Application Support/MiKTeX/texmfs/install/tex/generic/pdfescape/pdfescape.sty"
Package: pdfescape 2019/12/09 v1.15 Implements pdfTeX's escape features (HO)
) ("/Users/amansingh/Library/Application Support/MiKTeX/texmfs/install/tex/latex/hycolor/hycolor.sty"
Package: hycolor 2020-01-27 v1.10 Color options for hyperref/bookmark (HO)
) ("/Users/amansingh/Library/Application Support/MiKTeX/texmfs/install/tex/latex/letltxmacro/letltxmacro.sty"
Package: letltxmacro 2019/12/03 v1.6 Let assignment for LaTeX macros (HO)
) ("/Users/amansingh/Library/Application Support/MiKTeX/texmfs/install/tex/latex/auxhook/auxhook.sty"
Package: auxhook 2019-12-17 v1.6 Hooks for auxiliary files (HO)
) ("/Users/amansingh/Library/Application Support/MiKTeX/texmfs/install/tex/latex/kvoptions/kvoptions.sty"
Package: kvoptions 2019/11/29 v3.13 Key value format for package options (HO)
)
\@linkdim=\dimen147
\Hy@linkcounter=\count191
\Hy@pagecounter=\count192
 ("/Users/amansingh/Library/Application Support/MiKTeX/texmfs/install/tex/latex/hyperref/pd1enc.def"
File: pd1enc.def 2020-05-15 v7.00e Hyperref: PDFDocEncoding definition (HO)
Now handling font encoding PD1 ...
... no UTF-8 mapping file for font encoding PD1
) ("/Users/amansingh/Library/Application Support/MiKTeX/texmfs/install/tex/generic/intcalc/intcalc.sty"
Package: intcalc 2019/12/15 v1.3 Expandable calculations with integers (HO)
) ("/Users/amansingh/Library/Application Support/MiKTeX/texmfs/install/tex/generic/etexcmds/etexcmds.sty"
Package: etexcmds 2019/12/15 v1.7 Avoid name clashes with e-TeX commands (HO)
)
\Hy@SavedSpaceFactor=\count193
Package hyperref Info: Hyper figures OFF on input line 4464.
Package hyperref Info: Link nesting OFF on input line 4469.
Package hyperref Info: Hyper index ON on input line 4472.
Package hyperref Info: Plain pages OFF on input line 4479.
Package hyperref Info: Backreferencing OFF on input line 4484.
Package hyperref Info: Implicit mode ON; LaTeX internals redefined.
Package hyperref Info: Bookmarks ON on input line 4717.
\c@Hy@tempcnt=\count194
 ("/Users/amansingh/Library/Application Support/MiKTeX/texmfs/install/tex/latex/url/url.sty"
\Urlmuskip=\muskip17
Package: url 2013/09/16  ver 3.4  Verb mode for urls, etc.
)
LaTeX Info: Redefining \url on input line 5076.
\XeTeXLinkMargin=\dimen148
 ("/Users/amansingh/Library/Application Support/MiKTeX/texmfs/install/tex/generic/bitset/bitset.sty"
Package: bitset 2019/12/09 v1.3 Handle bit-vector datatype (HO)
 ("/Users/amansingh/Library/Application Support/MiKTeX/texmfs/install/tex/generic/bigintcalc/bigintcalc.sty"
Package: bigintcalc 2019/12/15 v1.5 Expandable calculations on big integers (HO)
))
\Fld@menulength=\count195
\Field@Width=\dimen149
\Fld@charsize=\dimen150
Package hyperref Info: Hyper figures OFF on input line 6347.
Package hyperref Info: Link nesting OFF on input line 6352.
Package hyperref Info: Hyper index ON on input line 6355.
Package hyperref Info: backreferencing OFF on input line 6362.
Package hyperref Info: Link coloring OFF on input line 6367.
Package hyperref Info: Link coloring with OCG OFF on input line 6372.
Package hyperref Info: PDF/A mode OFF on input line 6377.
LaTeX Info: Redefining \ref on input line 6417.
LaTeX Info: Redefining \pageref on input line 6421.
 ("/Users/amansingh/Library/Application Support/MiKTeX/texmfs/install/tex/generic/atbegshi/atbegshi.sty"
Package: atbegshi 2019/12/05 v1.19 At begin shipout hook (HO)
)
\Hy@abspage=\count196
\c@Item=\count197
\c@Hfootnote=\count198
)
Package hyperref Info: Driver (autodetected): hpdftex.
 ("/Users/amansingh/Library/Application Support/MiKTeX/texmfs/install/tex/latex/hyperref/hpdftex.def"
File: hpdftex.def 2020-05-15 v7.00e Hyperref driver for pdfTeX
 ("/Users/amansingh/Library/Application Support/MiKTeX/texmfs/install/tex/latex/atveryend/atveryend.sty"
Package: atveryend 2019-12-11 v1.11 Hooks at the very end of document (HO)
Package atveryend Info: \enddocument detected (standard20110627).
)
\Fld@listcount=\count199
\c@bookmark@seq@number=\count266
 ("/Users/amansingh/Library/Application Support/MiKTeX/texmfs/install/tex/latex/rerunfilecheck/rerunfilecheck.sty"
Package: rerunfilecheck 2019/12/05 v1.9 Rerun checks for auxiliary files (HO)
 ("/Users/amansingh/Library/Application Support/MiKTeX/texmfs/install/tex/generic/uniquecounter/uniquecounter.sty"
Package: uniquecounter 2019/12/15 v1.4 Provide unlimited unique counter (HO)
)
Package uniquecounter Info: New unique counter `rerunfilecheck' on input line 286.
)
\Hy@SectionHShift=\skip55
) ("/Users/amansingh/Library/Application Support/MiKTeX/texmfs/install/tex/latex/slashbox/slashbox.sty"
slashbox style by K.Yasuoka, May 1993.
\@slashboxa=\box48
\@slashboxb=\box49
\@slashboxc=\box50
\@slashboxwd=\count267
\@slashboxht=\count268
\@slashsepl=\dimen151
\@slashsepr=\dimen152
)
Package hyperref Info: Option `colorlinks' set `true' on input line 30.


Package hyperref Warning: Option `bookmarks' has already been used,
(hyperref)                setting the option has no effect on input line 30.

("/Users/amansingh/Library/Application Support/MiKTeX/texmfs/install/tex/latex/l3backend/l3backend-pdfmode.def"
File: l3backend-pdfmode.def 2020-08-07 L3 backend support: PDF mode
\l__kernel_color_stack_int=\count269
\l__pdf_internal_box=\box51
) (/Users/amansingh/School/Fall2020/CS4641/A2/A2.aux)
\openout1 = `A2.aux'.

LaTeX Font Info:    Checking defaults for OML/cmm/m/it on input line 31.
LaTeX Font Info:    ... okay on input line 31.
LaTeX Font Info:    Checking defaults for OMS/cmsy/m/n on input line 31.
LaTeX Font Info:    ... okay on input line 31.
LaTeX Font Info:    Checking defaults for OT1/cmr/m/n on input line 31.
LaTeX Font Info:    ... okay on input line 31.
LaTeX Font Info:    Checking defaults for T1/cmr/m/n on input line 31.
LaTeX Font Info:    ... okay on input line 31.
LaTeX Font Info:    Checking defaults for TS1/cmr/m/n on input line 31.
LaTeX Font Info:    ... okay on input line 31.
LaTeX Font Info:    Checking defaults for OMX/cmex/m/n on input line 31.
LaTeX Font Info:    ... okay on input line 31.
LaTeX Font Info:    Checking defaults for U/cmr/m/n on input line 31.
LaTeX Font Info:    ... okay on input line 31.
LaTeX Font Info:    Checking defaults for PD1/pdf/m/n on input line 31.
LaTeX Font Info:    ... okay on input line 31.
 ("/Users/amansingh/Library/Application Support/MiKTeX/texmfs/install/tex/context/base/mkii/supp-pdf.mkii"
[Loading MPS to PDF converter (version 2006.09.02).]
\scratchcounter=\count270
\scratchdimen=\dimen153
\scratchbox=\box52
\nofMPsegments=\count271
\nofMParguments=\count272
\everyMPshowfont=\toks24
\MPscratchCnt=\count273
\MPscratchDim=\dimen154
\MPnumerator=\count274
\makeMPintoPDFobject=\count275
\everyMPtoPDFconversion=\toks25
) ("/Users/amansingh/Library/Application Support/MiKTeX/texmfs/install/tex/latex/epstopdf-pkg/epstopdf-base.sty"
Package: epstopdf-base 2020-01-24 v2.11 Base part for package epstopdf
Package epstopdf-base Info: Redefining graphics rule for `.eps' on input line 485.
)
\AtBeginShipoutBox=\box53
 ("/Users/amansingh/Library/Application Support/MiKTeX/texmfs/install/tex/latex/graphics/color.sty"
Package: color 2019/11/23 v1.2a Standard LaTeX Color (DPC)
 ("/Users/amansingh/Library/Application Support/MiKTeX/texmfs/install/tex/latex/graphics-cfg/color.cfg"
File: color.cfg 2016/01/02 v1.6 sample color configuration
)
Package color Info: Driver file: pdftex.def on input line 147.
)
Package hyperref Info: Link coloring ON on input line 31.
 ("/Users/amansingh/Library/Application Support/MiKTeX/texmfs/install/tex/latex/hyperref/nameref.sty"
Package: nameref 2019/09/16 v2.46 Cross-referencing by name of section
 ("/Users/amansingh/Library/Application Support/MiKTeX/texmfs/install/tex/latex/refcount/refcount.sty"
Package: refcount 2019/12/15 v3.6 Data extraction from label references (HO)
) ("/Users/amansingh/Library/Application Support/MiKTeX/texmfs/install/tex/generic/gettitlestring/gettitlestring.sty"
Package: gettitlestring 2019/12/15 v1.6 Cleanup title references (HO)
)
\c@section@level=\count276
)
LaTeX Info: Redefining \ref on input line 31.
LaTeX Info: Redefining \pageref on input line 31.
LaTeX Info: Redefining \nameref on input line 31.
 (/Users/amansingh/School/Fall2020/CS4641/A2/A2.out) (/Users/amansingh/School/Fall2020/CS4641/A2/A2.out)
\@outlinefile=\write3
\openout3 = `A2.out'.

LaTeX Font Info:    Trying to load font information for U+msa on input line 33.
 ("/Users/amansingh/Library/Application Support/MiKTeX/texmfs/install/tex/latex/amsfonts/umsa.fd"
File: umsa.fd 2013/01/14 v3.01 AMS symbols A
)
LaTeX Font Info:    Trying to load font information for U+msb on input line 33.
 ("/Users/amansingh/Library/Application Support/MiKTeX/texmfs/install/tex/latex/amsfonts/umsb.fd"
File: umsb.fd 2013/01/14 v3.01 AMS symbols B
)
Overfull \hbox (27.74675pt too wide) in paragraph at lines 69--69
[]    \OT1/cmtt/m/n/10 Cluster 1: Average confirmed: 18495.95, Average Deathtoll: 1260.88.[] 
 []


Overfull \hbox (263.99469pt too wide) in paragraph at lines 69--69
[]\OT1/cmtt/m/n/10 Afghanistan   Albania   Algeria   Andorra   Angola   Antigua and Barbuda   Argentina   Armenia   Australia   Austria[] 
 []


Overfull \hbox (22.4968pt too wide) in paragraph at lines 69--69
[]\OT1/cmtt/m/n/10 Cluster 2: Average confirmed: 1551853.00, Average Deathtoll: 93439.00.[] 
 []

<cluster_graph.png, id=11, 615.29875pt x 343.2825pt>
File: cluster_graph.png Graphic file (type png)
<use cluster_graph.png>
Package pdftex.def Info: cluster_graph.png  used on input line 70.
(pdftex.def)             Requested size: 461.47293pt x 257.46123pt.

Overfull \hbox (116.47293pt too wide) in paragraph at lines 70--71
[] 
 []

[1

{/Users/amansingh/Library/Application Support/MiKTeX/texmfs/data/pdftex/config/pdftex.map}]
Overfull \hbox (38.24666pt too wide) in paragraph at lines 95--95
[]    \OT1/cmtt/m/n/10 Cluster 1: Average confirmed: 238005.43, Average Deathtoll: 21997.29.[] 
 []


Overfull \hbox (6.74693pt too wide) in paragraph at lines 95--95
[]\OT1/cmtt/m/n/10 Brazil   France   Germany   Italy   Russia   Spain   United Kingdom[] 
 []


Overfull \hbox (22.4968pt too wide) in paragraph at lines 95--95
[]\OT1/cmtt/m/n/10 Cluster 2: Average confirmed: 1551853.00, Average Deathtoll: 93439.00.[] 
 []


Overfull \hbox (6.74693pt too wide) in paragraph at lines 95--95
[]\OT1/cmtt/m/n/10 Cluster 3: Average confirmed: 38857.69, Average Deathtoll: 2196.06.[] 
 []


Overfull \hbox (195.74529pt too wide) in paragraph at lines 95--95
[]\OT1/cmtt/m/n/10 Bangladesh   Belarus   Belgium   Chile   Ecuador   Ireland   Mexico   Netherlands   Pakistan   Portugal[] 
 []


Overfull \hbox (263.99469pt too wide) in paragraph at lines 95--95
[]\OT1/cmtt/m/n/10 Afghanistan   Albania   Algeria   Andorra   Angola   Antigua and Barbuda   Argentina   Armenia   Australia   Austria[] 
 []


Overfull \hbox (11.99689pt too wide) in paragraph at lines 95--95
[]\OT1/cmtt/m/n/10 Cluster 5: Average confirmed: 110274.17, Average Deathtoll: 4776.17.[] 
 []

<cluster_graph2.png, id=23, 615.29875pt x 343.2825pt>
File: cluster_graph2.png Graphic file (type png)
<use cluster_graph2.png>
Package pdftex.def Info: cluster_graph2.png  used on input line 96.
(pdftex.def)             Requested size: 461.47293pt x 257.46123pt.
<matplotlib.png, id=24, 482.80376pt x 301.125pt>
File: matplotlib.png Graphic file (type png)
<use matplotlib.png>
Package pdftex.def Info: matplotlib.png  used on input line 97.
(pdftex.def)             Requested size: 362.10193pt x 225.84319pt.

Overfull \hbox (116.47293pt too wide) in paragraph at lines 96--98
[] 
 []


Overfull \hbox (17.10193pt too wide) in paragraph at lines 96--98
[] 
 []

[2 </Users/amansingh/School/Fall2020/CS4641/A2/cluster_graph.png>]
Overfull \hbox (211.49515pt too wide) in paragraph at lines 114--114
[]    \OT1/cmtt/m/n/10 Cluster 1: Average recovered: 2704795.29, Average confirmed: 4429822.62, Average Deathtoll: 227358.44.[] 
 []

[3 </Users/amansingh/School/Fall2020/CS4641/A2/cluster_graph2.png> </Users/amansingh/School/Fall2020/CS4641/A2/matplotlib.png>]
Overfull \hbox (263.99469pt too wide) in paragraph at lines 114--114
[]\OT1/cmtt/m/n/10 Afghanistan   Albania   Algeria   Andorra   Angola   Antigua and Barbuda   Argentina   Armenia   Australia   Austria[] 
 []


Overfull \hbox (216.7451pt too wide) in paragraph at lines 114--114
[]\OT1/cmtt/m/n/10 Cluster 2: Average recovered: 114476468.33, Average confirmed: 242568774.00, Average Deathtoll: 9048283.00.[] 
 []

<cluster_graph3.png, id=36, 657.45625pt x 350.30875pt>
File: cluster_graph3.png Graphic file (type png)
<use cluster_graph3.png>
Package pdftex.def Info: cluster_graph3.png  used on input line 115.
(pdftex.def)             Requested size: 493.09099pt x 262.73091pt.

Overfull \hbox (148.09099pt too wide) in paragraph at lines 115--116
[] 
 []


Overfull \hbox (232.49496pt too wide) in paragraph at lines 140--140
[]    \OT1/cmtt/m/n/10 Cluster 1: Average recovered: 67424447.00, Average confirmed: 101308266.00, Average Deathtoll: 1955657.50.[] 
 []


Overfull \hbox (221.99506pt too wide) in paragraph at lines 140--140
[]\OT1/cmtt/m/n/10 Cluster 2: Average recovered: 129005629.50, Average confirmed: 300667433.00, Average Deathtoll: 12187388.50.[] 
 []


Overfull \hbox (190.49533pt too wide) in paragraph at lines 140--140
[]\OT1/cmtt/m/n/10 Cluster 3: Average recovered: 4132179.44, Average confirmed: 7527867.22, Average Deathtoll: 295142.63.[] 
 []


Overfull \hbox (242.99487pt too wide) in paragraph at lines 140--140
[]\OT1/cmtt/m/n/10 Argentina   Bangladesh   Belarus   Belgium   Bolivia   Canada   Dominican Republic   Ecuador   Egypt   Indonesia[] 
 []


Overfull \hbox (174.74547pt too wide) in paragraph at lines 140--140
[]\OT1/cmtt/m/n/10 Cluster 4: Average recovered: 424307.55, Average confirmed: 672968.22, Average Deathtoll: 17542.06.[] 
 []

[4 </Users/amansingh/School/Fall2020/CS4641/A2/cluster_graph3.png>]
Overfull \hbox (269.24464pt too wide) in paragraph at lines 140--140
[]\OT1/cmtt/m/n/10 Afghanistan   Albania   Algeria   Andorra   Angola   Antigua and Barbuda   Armenia   Australia   Austria   Azerbaijan[] 
 []


Overfull \hbox (206.2452pt too wide) in paragraph at lines 140--140
[]\OT1/cmtt/m/n/10 Cluster 5: Average recovered: 18457025.07, Average confirmed: 29380090.20, Average Deathtoll: 2016695.20.[] 
 []


Overfull \hbox (101.24611pt too wide) in paragraph at lines 140--140
[]\OT1/cmtt/m/n/10 Chile   China   Colombia   France   Germany   Iran   Italy   Mexico   Pakistan   Peru[] 
 []

<cluster_graph4.png, id=42, 657.45625pt x 350.30875pt>
File: cluster_graph4.png Graphic file (type png)
<use cluster_graph4.png>
Package pdftex.def Info: cluster_graph4.png  used on input line 141.
(pdftex.def)             Requested size: 493.09099pt x 262.73091pt.
<matplotlib2.png, id=43, 657.45625pt x 350.30875pt>
File: matplotlib2.png Graphic file (type png)
<use matplotlib2.png>
Package pdftex.def Info: matplotlib2.png  used on input line 142.
(pdftex.def)             Requested size: 493.09099pt x 262.73091pt.

Overfull \hbox (148.09099pt too wide) in paragraph at lines 141--143
[] 
 []


Overfull \hbox (148.09099pt too wide) in paragraph at lines 141--143
[] 
 []

[5 </Users/amansingh/School/Fall2020/CS4641/A2/cluster_graph4.png>]
Overfull \hbox (38.24666pt too wide) in paragraph at lines 157--157
[]    \OT1/cmtt/m/n/10 Cluster 1: Average confirmed: 196511.09, Average Deathtoll: 15622.18.[] 
 []


Overfull \hbox (80.24629pt too wide) in paragraph at lines 157--157
[]\OT1/cmtt/m/n/10 Brazil   France   Germany   India   Iran   Italy   Peru   Russia   Spain   Turkey[] 
 []


Overfull \hbox (22.4968pt too wide) in paragraph at lines 157--157
[]\OT1/cmtt/m/n/10 Cluster 2: Average confirmed: 1551853.00, Average Deathtoll: 93439.00.[] 
 []


Overfull \hbox (263.99469pt too wide) in paragraph at lines 157--157
[]\OT1/cmtt/m/n/10 Afghanistan   Albania   Algeria   Andorra   Angola   Antigua and Barbuda   Argentina   Armenia   Australia   Austria[] 
 []

<cluster_graph5.png, id=49, 657.45625pt x 350.30875pt>
File: cluster_graph5.png Graphic file (type png)
<use cluster_graph5.png>
Package pdftex.def Info: cluster_graph5.png  used on input line 159.
(pdftex.def)             Requested size: 493.09099pt x 262.73091pt.

Overfull \hbox (163.09099pt too wide) in paragraph at lines 159--160
[][] 
 []

[6 </Users/amansingh/School/Fall2020/CS4641/A2/matplotlib2.png>]
Overfull \hbox (59.24648pt too wide) in paragraph at lines 175--175
[]    \OT1/cmtt/m/n/10 Cluster 1: Average confirmed: 39135219.81, Average Deathtoll: 2083109.62.[] 
 []


Overfull \hbox (101.24611pt too wide) in paragraph at lines 175--175
[]\OT1/cmtt/m/n/10 Chile   Colombia   France   Germany   India   Iran   Italy   Mexico   Pakistan   Peru[] 
 []


Overfull \hbox (48.74657pt too wide) in paragraph at lines 175--175
[]\OT1/cmtt/m/n/10 Cluster 2: Average confirmed: 300667433.00, Average Deathtoll: 12187388.50.[] 
 []


Overfull \hbox (22.4968pt too wide) in paragraph at lines 175--175
[]\OT1/cmtt/m/n/10 Cluster 3: Average confirmed: 1865652.67, Average Deathtoll: 66711.66.[] 
 []


Overfull \hbox (263.99469pt too wide) in paragraph at lines 175--175
[]\OT1/cmtt/m/n/10 Afghanistan   Albania   Algeria   Andorra   Angola   Antigua and Barbuda   Argentina   Armenia   Australia   Austria[] 
 []

<cluster_graph6.png, id=55, 657.45625pt x 350.30875pt>
File: cluster_graph6.png Graphic file (type png)
<use cluster_graph6.png>
Package pdftex.def Info: cluster_graph6.png  used on input line 176.
(pdftex.def)             Requested size: 493.09099pt x 262.73091pt.

Overfull \hbox (148.09099pt too wide) in paragraph at lines 176--177
[] 
 []

[7 </Users/amansingh/School/Fall2020/CS4641/A2/cluster_graph5.png>]
Package atveryend Info: Empty hook `BeforeClearDocument' on input line 184.
 [8 </Users/amansingh/School/Fall2020/CS4641/A2/cluster_graph6.png>]
Package atveryend Info: Empty hook `AfterLastShipout' on input line 184.
 (/Users/amansingh/School/Fall2020/CS4641/A2/A2.aux)
Package atveryend Info: Executing hook `AtVeryEndDocument' on input line 184.
Package atveryend Info: Executing hook `AtEndAfterFileList' on input line 184.
Package rerunfilecheck Info: File `A2.out' has not changed.
(rerunfilecheck)             Checksum: 3D1F49EE3260AFB6A4A6DADF689238F2;93.
Package atveryend Info: Empty hook `AtVeryVeryEnd' on input line 184.
 ) 
Here is how much of TeX's memory you used:
 7047 strings out of 483145
 109109 string characters out of 2955124
 365486 words of memory out of 3000000
 22255 multiletter control sequences out of 15000+200000
 540805 words of font info for 51 fonts, out of 3000000 for 9000
 0 hyphenation exceptions out of 8191
 43i,6n,37p,261b,456s stack positions out of 5000i,500n,10000p,200000b,50000s
</Users/amansingh/Library/Application Support/MiKTeX/texmfs/install/fonts/type1/public/amsfonts/cm/cmbx12.pfb></Users/amansingh/Library/Application Support/MiKTeX/texmfs/install/fonts/type1/public/amsfonts/cm/cmr10.pfb></Users/amansingh/Library/Application Support/MiKTeX/texmfs/install/fonts/type1/public/amsfonts/cm/cmr12.pfb></Users/amansingh/Library/Application Support/MiKTeX/texmfs/install/fonts/type1/public/amsfonts/cm/cmr17.pfb></Users/amansingh/Library/Application Support/MiKTeX/texmfs/install/fonts/type1/public/amsfonts/cm/cmtt10.pfb>
Output written on /Users/amansingh/School/Fall2020/CS4641/A2/A2.pdf (8 pages, 413082 bytes).
PDF statistics:
 89 PDF objects out of 1000 (max. 8388607)
 11 named destinations out of 1000 (max. 500000)
 57 words of extra memory for PDF output out of 10000 (max. 10000000)

